<?xml version="1.0" encoding="UTF-8"?>
<!-- Generated by org.testng.reporters.JUnitXMLReporter -->
<testsuite hostname="DESKTOP-04ORM14" ignored="0" name="Test" tests="33" failures="0" timestamp="28 Dec 2018 12:03:05 GMT" time="1.405" errors="0">
  <testcase name="@BeforeMethod configBM" time="0.0" classname="org.dev.jklabour.commonLibS.BaseClass1">
    <failure type="java.io.FileNotFoundException" message=".\propertyFiles\common.properties (The system cannot find the path specified)">
      <![CDATA[java.io.FileNotFoundException: .\propertyFiles\common.properties (The system cannot find the path specified)
at java.io.FileInputStream.open0(Native Method)
at java.io.FileInputStream.open(Unknown Source)
at java.io.FileInputStream.<init>(Unknown Source)
at java.io.FileInputStream.<init>(Unknown Source)
at org.dev.jklabour.commonLibS.FileUtiles.getpropertyData(FileUtiles.java:21)
at org.dev.jklabour.commonLibS.BaseClass1.configBM(BaseClass1.java:40)
... Removed 28 stack frames]]>
    </failure>
  </testcase> <!-- @BeforeMethod configBM -->
  <testcase name="@AfterMethod configAM" time="0.0" classname="org.dev.jklabour.commonLibS.BaseClass1">
    <skipped/>
  </testcase> <!-- @AfterMethod configAM -->
  <testcase name="@BeforeMethod configBM" time="0.0" classname="org.dev.jklabour.commonLibS.BaseClass1">
    <failure type="java.io.FileNotFoundException" message=".\propertyFiles\common.properties (The system cannot find the path specified)">
      <![CDATA[java.io.FileNotFoundException: .\propertyFiles\common.properties (The system cannot find the path specified)
at java.io.FileInputStream.open0(Native Method)
at java.io.FileInputStream.open(Unknown Source)
at java.io.FileInputStream.<init>(Unknown Source)
at java.io.FileInputStream.<init>(Unknown Source)
at org.dev.jklabour.commonLibS.FileUtiles.getpropertyData(FileUtiles.java:21)
at org.dev.jklabour.commonLibS.BaseClass1.configBM(BaseClass1.java:40)
... Removed 28 stack frames]]>
    </failure>
  </testcase> <!-- @BeforeMethod configBM -->
  <testcase name="@AfterMethod configAM" time="0.0" classname="org.dev.jklabour.commonLibS.BaseClass1">
    <skipped/>
  </testcase> <!-- @AfterMethod configAM -->
  <testcase name="@BeforeMethod configBM" time="0.0" classname="org.dev.jklabour.commonLibS.BaseClass1">
    <failure type="java.io.FileNotFoundException" message=".\propertyFiles\common.properties (The system cannot find the path specified)">
      <![CDATA[java.io.FileNotFoundException: .\propertyFiles\common.properties (The system cannot find the path specified)
at java.io.FileInputStream.open0(Native Method)
at java.io.FileInputStream.open(Unknown Source)
at java.io.FileInputStream.<init>(Unknown Source)
at java.io.FileInputStream.<init>(Unknown Source)
at org.dev.jklabour.commonLibS.FileUtiles.getpropertyData(FileUtiles.java:21)
at org.dev.jklabour.commonLibS.BaseClass1.configBM(BaseClass1.java:40)
... Removed 28 stack frames]]>
    </failure>
  </testcase> <!-- @BeforeMethod configBM -->
  <testcase name="@AfterMethod configAM" time="0.0" classname="org.dev.jklabour.commonLibS.BaseClass1">
    <skipped/>
  </testcase> <!-- @AfterMethod configAM -->
  <testcase name="@BeforeMethod configBM" time="0.0" classname="org.dev.jklabour.commonLibS.BaseClass1">
    <failure type="java.io.FileNotFoundException" message=".\propertyFiles\common.properties (The system cannot find the path specified)">
      <![CDATA[java.io.FileNotFoundException: .\propertyFiles\common.properties (The system cannot find the path specified)
at java.io.FileInputStream.open0(Native Method)
at java.io.FileInputStream.open(Unknown Source)
at java.io.FileInputStream.<init>(Unknown Source)
at java.io.FileInputStream.<init>(Unknown Source)
at org.dev.jklabour.commonLibS.FileUtiles.getpropertyData(FileUtiles.java:21)
at org.dev.jklabour.commonLibS.BaseClass1.configBM(BaseClass1.java:40)
... Removed 28 stack frames]]>
    </failure>
  </testcase> <!-- @BeforeMethod configBM -->
  <testcase name="@AfterMethod configAM" time="0.0" classname="org.dev.jklabour.commonLibS.BaseClass1">
    <skipped/>
  </testcase> <!-- @AfterMethod configAM -->
  <testcase name="@BeforeMethod configBM" time="0.0" classname="org.dev.jklabour.commonLibS.BaseClass1">
    <failure type="java.io.FileNotFoundException" message=".\propertyFiles\common.properties (The system cannot find the path specified)">
      <![CDATA[java.io.FileNotFoundException: .\propertyFiles\common.properties (The system cannot find the path specified)
at java.io.FileInputStream.open0(Native Method)
at java.io.FileInputStream.open(Unknown Source)
at java.io.FileInputStream.<init>(Unknown Source)
at java.io.FileInputStream.<init>(Unknown Source)
at org.dev.jklabour.commonLibS.FileUtiles.getpropertyData(FileUtiles.java:21)
at org.dev.jklabour.commonLibS.BaseClass1.configBM(BaseClass1.java:40)
... Removed 28 stack frames]]>
    </failure>
  </testcase> <!-- @BeforeMethod configBM -->
  <testcase name="@AfterMethod configAM" time="0.0" classname="org.dev.jklabour.commonLibS.BaseClass1">
    <skipped/>
  </testcase> <!-- @AfterMethod configAM -->
  <testcase name="@BeforeMethod configBM" time="0.0" classname="org.dev.jklabour.commonLibS.BaseClass1">
    <failure type="java.io.FileNotFoundException" message=".\propertyFiles\common.properties (The system cannot find the path specified)">
      <![CDATA[java.io.FileNotFoundException: .\propertyFiles\common.properties (The system cannot find the path specified)
at java.io.FileInputStream.open0(Native Method)
at java.io.FileInputStream.open(Unknown Source)
at java.io.FileInputStream.<init>(Unknown Source)
at java.io.FileInputStream.<init>(Unknown Source)
at org.dev.jklabour.commonLibS.FileUtiles.getpropertyData(FileUtiles.java:21)
at org.dev.jklabour.commonLibS.BaseClass1.configBM(BaseClass1.java:40)
... Removed 28 stack frames]]>
    </failure>
  </testcase> <!-- @BeforeMethod configBM -->
  <testcase name="@AfterMethod configAM" time="0.0" classname="org.dev.jklabour.commonLibS.BaseClass1">
    <skipped/>
  </testcase> <!-- @AfterMethod configAM -->
  <testcase name="@BeforeMethod configBM" time="0.0" classname="org.dev.jklabour.commonLibS.BaseClass1">
    <failure type="java.io.FileNotFoundException" message=".\propertyFiles\common.properties (The system cannot find the path specified)">
      <![CDATA[java.io.FileNotFoundException: .\propertyFiles\common.properties (The system cannot find the path specified)
at java.io.FileInputStream.open0(Native Method)
at java.io.FileInputStream.open(Unknown Source)
at java.io.FileInputStream.<init>(Unknown Source)
at java.io.FileInputStream.<init>(Unknown Source)
at org.dev.jklabour.commonLibS.FileUtiles.getpropertyData(FileUtiles.java:21)
at org.dev.jklabour.commonLibS.BaseClass1.configBM(BaseClass1.java:40)
... Removed 28 stack frames]]>
    </failure>
  </testcase> <!-- @BeforeMethod configBM -->
  <testcase name="@AfterMethod configAM" time="0.0" classname="org.dev.jklabour.commonLibS.BaseClass1">
    <skipped/>
  </testcase> <!-- @AfterMethod configAM -->
  <testcase name="@BeforeMethod configBM" time="0.0" classname="org.dev.jklabour.commonLibS.BaseClass1">
    <failure type="java.io.FileNotFoundException" message=".\propertyFiles\common.properties (The system cannot find the path specified)">
      <![CDATA[java.io.FileNotFoundException: .\propertyFiles\common.properties (The system cannot find the path specified)
at java.io.FileInputStream.open0(Native Method)
at java.io.FileInputStream.open(Unknown Source)
at java.io.FileInputStream.<init>(Unknown Source)
at java.io.FileInputStream.<init>(Unknown Source)
at org.dev.jklabour.commonLibS.FileUtiles.getpropertyData(FileUtiles.java:21)
at org.dev.jklabour.commonLibS.BaseClass1.configBM(BaseClass1.java:40)
... Removed 28 stack frames]]>
    </failure>
  </testcase> <!-- @BeforeMethod configBM -->
  <testcase name="@AfterMethod configAM" time="0.0" classname="org.dev.jklabour.commonLibS.BaseClass1">
    <skipped/>
  </testcase> <!-- @AfterMethod configAM -->
  <testcase name="@BeforeMethod configBM" time="0.0" classname="org.dev.jklabour.commonLibS.BaseClass1">
    <failure type="java.io.FileNotFoundException" message=".\propertyFiles\common.properties (The system cannot find the path specified)">
      <![CDATA[java.io.FileNotFoundException: .\propertyFiles\common.properties (The system cannot find the path specified)
at java.io.FileInputStream.open0(Native Method)
at java.io.FileInputStream.open(Unknown Source)
at java.io.FileInputStream.<init>(Unknown Source)
at java.io.FileInputStream.<init>(Unknown Source)
at org.dev.jklabour.commonLibS.FileUtiles.getpropertyData(FileUtiles.java:21)
at org.dev.jklabour.commonLibS.BaseClass1.configBM(BaseClass1.java:40)
... Removed 28 stack frames]]>
    </failure>
  </testcase> <!-- @BeforeMethod configBM -->
  <testcase name="@AfterMethod configAM" time="0.0" classname="org.dev.jklabour.commonLibS.BaseClass1">
    <skipped/>
  </testcase> <!-- @AfterMethod configAM -->
  <testcase name="@BeforeMethod configBM" time="0.0" classname="org.dev.jklabour.commonLibS.BaseClass1">
    <failure type="java.io.FileNotFoundException" message=".\propertyFiles\common.properties (The system cannot find the path specified)">
      <![CDATA[java.io.FileNotFoundException: .\propertyFiles\common.properties (The system cannot find the path specified)
at java.io.FileInputStream.open0(Native Method)
at java.io.FileInputStream.open(Unknown Source)
at java.io.FileInputStream.<init>(Unknown Source)
at java.io.FileInputStream.<init>(Unknown Source)
at org.dev.jklabour.commonLibS.FileUtiles.getpropertyData(FileUtiles.java:21)
at org.dev.jklabour.commonLibS.BaseClass1.configBM(BaseClass1.java:40)
... Removed 28 stack frames]]>
    </failure>
  </testcase> <!-- @BeforeMethod configBM -->
  <testcase name="@AfterMethod configAM" time="0.0" classname="org.dev.jklabour.commonLibS.BaseClass1">
    <skipped/>
  </testcase> <!-- @AfterMethod configAM -->
  <testcase name="@BeforeMethod configBM" time="0.0" classname="org.dev.jklabour.commonLibS.BaseClass1">
    <failure type="java.io.FileNotFoundException" message=".\propertyFiles\common.properties (The system cannot find the path specified)">
      <![CDATA[java.io.FileNotFoundException: .\propertyFiles\common.properties (The system cannot find the path specified)
at java.io.FileInputStream.open0(Native Method)
at java.io.FileInputStream.open(Unknown Source)
at java.io.FileInputStream.<init>(Unknown Source)
at java.io.FileInputStream.<init>(Unknown Source)
at org.dev.jklabour.commonLibS.FileUtiles.getpropertyData(FileUtiles.java:21)
at org.dev.jklabour.commonLibS.BaseClass1.configBM(BaseClass1.java:40)
... Removed 28 stack frames]]>
    </failure>
  </testcase> <!-- @BeforeMethod configBM -->
  <testcase name="@AfterMethod configAM" time="0.0" classname="org.dev.jklabour.commonLibS.BaseClass1">
    <skipped/>
  </testcase> <!-- @AfterMethod configAM -->
  <testcase name="@BeforeMethod configBM" time="0.0" classname="org.dev.jklabour.commonLibS.BaseClass1">
    <failure type="java.io.FileNotFoundException" message=".\propertyFiles\common.properties (The system cannot find the path specified)">
      <![CDATA[java.io.FileNotFoundException: .\propertyFiles\common.properties (The system cannot find the path specified)
at java.io.FileInputStream.open0(Native Method)
at java.io.FileInputStream.open(Unknown Source)
at java.io.FileInputStream.<init>(Unknown Source)
at java.io.FileInputStream.<init>(Unknown Source)
at org.dev.jklabour.commonLibS.FileUtiles.getpropertyData(FileUtiles.java:21)
at org.dev.jklabour.commonLibS.BaseClass1.configBM(BaseClass1.java:40)
... Removed 28 stack frames]]>
    </failure>
  </testcase> <!-- @BeforeMethod configBM -->
  <testcase name="@AfterMethod configAM" time="0.0" classname="org.dev.jklabour.commonLibS.BaseClass1">
    <skipped/>
  </testcase> <!-- @AfterMethod configAM -->
  <testcase name="@BeforeMethod configBM" time="0.0" classname="org.dev.jklabour.commonLibS.BaseClass1">
    <failure type="java.io.FileNotFoundException" message=".\propertyFiles\common.properties (The system cannot find the path specified)">
      <![CDATA[java.io.FileNotFoundException: .\propertyFiles\common.properties (The system cannot find the path specified)
at java.io.FileInputStream.open0(Native Method)
at java.io.FileInputStream.open(Unknown Source)
at java.io.FileInputStream.<init>(Unknown Source)
at java.io.FileInputStream.<init>(Unknown Source)
at org.dev.jklabour.commonLibS.FileUtiles.getpropertyData(FileUtiles.java:21)
at org.dev.jklabour.commonLibS.BaseClass1.configBM(BaseClass1.java:40)
... Removed 28 stack frames]]>
    </failure>
  </testcase> <!-- @BeforeMethod configBM -->
  <testcase name="@AfterMethod configAM" time="0.0" classname="org.dev.jklabour.commonLibS.BaseClass1">
    <skipped/>
  </testcase> <!-- @AfterMethod configAM -->
  <testcase name="@BeforeMethod configBM" time="0.0" classname="org.dev.jklabour.commonLibS.BaseClass1">
    <failure type="java.io.FileNotFoundException" message=".\propertyFiles\common.properties (The system cannot find the path specified)">
      <![CDATA[java.io.FileNotFoundException: .\propertyFiles\common.properties (The system cannot find the path specified)
at java.io.FileInputStream.open0(Native Method)
at java.io.FileInputStream.open(Unknown Source)
at java.io.FileInputStream.<init>(Unknown Source)
at java.io.FileInputStream.<init>(Unknown Source)
at org.dev.jklabour.commonLibS.FileUtiles.getpropertyData(FileUtiles.java:21)
at org.dev.jklabour.commonLibS.BaseClass1.configBM(BaseClass1.java:40)
... Removed 28 stack frames]]>
    </failure>
  </testcase> <!-- @BeforeMethod configBM -->
  <testcase name="@AfterMethod configAM" time="0.0" classname="org.dev.jklabour.commonLibS.BaseClass1">
    <skipped/>
  </testcase> <!-- @AfterMethod configAM -->
  <testcase name="@BeforeMethod configBM" time="0.0" classname="org.dev.jklabour.commonLibS.BaseClass1">
    <failure type="java.io.FileNotFoundException" message=".\propertyFiles\common.properties (The system cannot find the path specified)">
      <![CDATA[java.io.FileNotFoundException: .\propertyFiles\common.properties (The system cannot find the path specified)
at java.io.FileInputStream.open0(Native Method)
at java.io.FileInputStream.open(Unknown Source)
at java.io.FileInputStream.<init>(Unknown Source)
at java.io.FileInputStream.<init>(Unknown Source)
at org.dev.jklabour.commonLibS.FileUtiles.getpropertyData(FileUtiles.java:21)
at org.dev.jklabour.commonLibS.BaseClass1.configBM(BaseClass1.java:40)
... Removed 28 stack frames]]>
    </failure>
  </testcase> <!-- @BeforeMethod configBM -->
  <testcase name="@AfterMethod configAM" time="0.0" classname="org.dev.jklabour.commonLibS.BaseClass1">
    <skipped/>
  </testcase> <!-- @AfterMethod configAM -->
  <testcase name="@BeforeMethod configBM" time="0.0" classname="org.dev.jklabour.commonLibS.BaseClass1">
    <failure type="java.io.FileNotFoundException" message=".\propertyFiles\common.properties (The system cannot find the path specified)">
      <![CDATA[java.io.FileNotFoundException: .\propertyFiles\common.properties (The system cannot find the path specified)
at java.io.FileInputStream.open0(Native Method)
at java.io.FileInputStream.open(Unknown Source)
at java.io.FileInputStream.<init>(Unknown Source)
at java.io.FileInputStream.<init>(Unknown Source)
at org.dev.jklabour.commonLibS.FileUtiles.getpropertyData(FileUtiles.java:21)
at org.dev.jklabour.commonLibS.BaseClass1.configBM(BaseClass1.java:40)
... Removed 28 stack frames]]>
    </failure>
  </testcase> <!-- @BeforeMethod configBM -->
  <testcase name="@AfterMethod configAM" time="0.0" classname="org.dev.jklabour.commonLibS.BaseClass1">
    <skipped/>
  </testcase> <!-- @AfterMethod configAM -->
  <testcase name="@BeforeMethod configBM" time="0.0" classname="org.dev.jklabour.commonLibS.BaseClass1">
    <failure type="java.io.FileNotFoundException" message=".\propertyFiles\common.properties (The system cannot find the path specified)">
      <![CDATA[java.io.FileNotFoundException: .\propertyFiles\common.properties (The system cannot find the path specified)
at java.io.FileInputStream.open0(Native Method)
at java.io.FileInputStream.open(Unknown Source)
at java.io.FileInputStream.<init>(Unknown Source)
at java.io.FileInputStream.<init>(Unknown Source)
at org.dev.jklabour.commonLibS.FileUtiles.getpropertyData(FileUtiles.java:21)
at org.dev.jklabour.commonLibS.BaseClass1.configBM(BaseClass1.java:40)
... Removed 27 stack frames]]>
    </failure>
  </testcase> <!-- @BeforeMethod configBM -->
  <testcase name="@AfterMethod configAM" time="0.0" classname="org.dev.jklabour.commonLibS.BaseClass1">
    <skipped/>
  </testcase> <!-- @AfterMethod configAM -->
  <testcase name="@BeforeMethod configBM" time="0.0" classname="org.dev.jklabour.commonLibS.BaseClass1">
    <failure type="java.io.FileNotFoundException" message=".\propertyFiles\common.properties (The system cannot find the path specified)">
      <![CDATA[java.io.FileNotFoundException: .\propertyFiles\common.properties (The system cannot find the path specified)
at java.io.FileInputStream.open0(Native Method)
at java.io.FileInputStream.open(Unknown Source)
at java.io.FileInputStream.<init>(Unknown Source)
at java.io.FileInputStream.<init>(Unknown Source)
at org.dev.jklabour.commonLibS.FileUtiles.getpropertyData(FileUtiles.java:21)
at org.dev.jklabour.commonLibS.BaseClass1.configBM(BaseClass1.java:40)
... Removed 27 stack frames]]>
    </failure>
  </testcase> <!-- @BeforeMethod configBM -->
  <testcase name="@AfterMethod configAM" time="0.0" classname="org.dev.jklabour.commonLibS.BaseClass1">
    <skipped/>
  </testcase> <!-- @AfterMethod configAM -->
  <testcase name="@BeforeMethod configBM" time="0.0" classname="org.dev.jklabour.commonLibS.BaseClass1">
    <failure type="java.io.FileNotFoundException" message=".\propertyFiles\common.properties (The system cannot find the path specified)">
      <![CDATA[java.io.FileNotFoundException: .\propertyFiles\common.properties (The system cannot find the path specified)
at java.io.FileInputStream.open0(Native Method)
at java.io.FileInputStream.open(Unknown Source)
at java.io.FileInputStream.<init>(Unknown Source)
at java.io.FileInputStream.<init>(Unknown Source)
at org.dev.jklabour.commonLibS.FileUtiles.getpropertyData(FileUtiles.java:21)
at org.dev.jklabour.commonLibS.BaseClass1.configBM(BaseClass1.java:40)
... Removed 27 stack frames]]>
    </failure>
  </testcase> <!-- @BeforeMethod configBM -->
  <testcase name="@AfterMethod configAM" time="0.0" classname="org.dev.jklabour.commonLibS.BaseClass1">
    <skipped/>
  </testcase> <!-- @AfterMethod configAM -->
  <testcase name="@BeforeMethod configBM" time="0.0" classname="org.dev.jklabour.commonLibS.BaseClass1">
    <failure type="java.io.FileNotFoundException" message=".\propertyFiles\common.properties (The system cannot find the path specified)">
      <![CDATA[java.io.FileNotFoundException: .\propertyFiles\common.properties (The system cannot find the path specified)
at java.io.FileInputStream.open0(Native Method)
at java.io.FileInputStream.open(Unknown Source)
at java.io.FileInputStream.<init>(Unknown Source)
at java.io.FileInputStream.<init>(Unknown Source)
at org.dev.jklabour.commonLibS.FileUtiles.getpropertyData(FileUtiles.java:21)
at org.dev.jklabour.commonLibS.BaseClass1.configBM(BaseClass1.java:40)
... Removed 27 stack frames]]>
    </failure>
  </testcase> <!-- @BeforeMethod configBM -->
  <testcase name="@AfterMethod configAM" time="0.0" classname="org.dev.jklabour.commonLibS.BaseClass1">
    <skipped/>
  </testcase> <!-- @AfterMethod configAM -->
  <testcase name="@BeforeMethod configBM" time="0.0" classname="org.dev.jklabour.commonLibS.BaseClass1">
    <failure type="java.io.FileNotFoundException" message=".\propertyFiles\common.properties (The system cannot find the path specified)">
      <![CDATA[java.io.FileNotFoundException: .\propertyFiles\common.properties (The system cannot find the path specified)
at java.io.FileInputStream.open0(Native Method)
at java.io.FileInputStream.open(Unknown Source)
at java.io.FileInputStream.<init>(Unknown Source)
at java.io.FileInputStream.<init>(Unknown Source)
at org.dev.jklabour.commonLibS.FileUtiles.getpropertyData(FileUtiles.java:21)
at org.dev.jklabour.commonLibS.BaseClass1.configBM(BaseClass1.java:40)
... Removed 27 stack frames]]>
    </failure>
  </testcase> <!-- @BeforeMethod configBM -->
  <testcase name="@AfterMethod configAM" time="0.0" classname="org.dev.jklabour.commonLibS.BaseClass1">
    <skipped/>
  </testcase> <!-- @AfterMethod configAM -->
  <testcase name="@BeforeMethod configBM" time="0.0" classname="org.dev.jklabour.commonLibS.BaseClass1">
    <failure type="java.io.FileNotFoundException" message=".\propertyFiles\common.properties (The system cannot find the path specified)">
      <![CDATA[java.io.FileNotFoundException: .\propertyFiles\common.properties (The system cannot find the path specified)
at java.io.FileInputStream.open0(Native Method)
at java.io.FileInputStream.open(Unknown Source)
at java.io.FileInputStream.<init>(Unknown Source)
at java.io.FileInputStream.<init>(Unknown Source)
at org.dev.jklabour.commonLibS.FileUtiles.getpropertyData(FileUtiles.java:21)
at org.dev.jklabour.commonLibS.BaseClass1.configBM(BaseClass1.java:40)
... Removed 27 stack frames]]>
    </failure>
  </testcase> <!-- @BeforeMethod configBM -->
  <testcase name="@AfterMethod configAM" time="0.0" classname="org.dev.jklabour.commonLibS.BaseClass1">
    <skipped/>
  </testcase> <!-- @AfterMethod configAM -->
  <testcase name="@BeforeMethod configBM" time="0.0" classname="org.dev.jklabour.commonLibS.BaseClass1">
    <failure type="java.io.FileNotFoundException" message=".\propertyFiles\common.properties (The system cannot find the path specified)">
      <![CDATA[java.io.FileNotFoundException: .\propertyFiles\common.properties (The system cannot find the path specified)
at java.io.FileInputStream.open0(Native Method)
at java.io.FileInputStream.open(Unknown Source)
at java.io.FileInputStream.<init>(Unknown Source)
at java.io.FileInputStream.<init>(Unknown Source)
at org.dev.jklabour.commonLibS.FileUtiles.getpropertyData(FileUtiles.java:21)
at org.dev.jklabour.commonLibS.BaseClass1.configBM(BaseClass1.java:40)
... Removed 27 stack frames]]>
    </failure>
  </testcase> <!-- @BeforeMethod configBM -->
  <testcase name="@AfterMethod configAM" time="0.0" classname="org.dev.jklabour.commonLibS.BaseClass1">
    <skipped/>
  </testcase> <!-- @AfterMethod configAM -->
  <testcase name="@BeforeMethod configBM" time="0.0" classname="org.dev.jklabour.commonLibS.BaseClass1">
    <failure type="java.io.FileNotFoundException" message=".\propertyFiles\common.properties (The system cannot find the path specified)">
      <![CDATA[java.io.FileNotFoundException: .\propertyFiles\common.properties (The system cannot find the path specified)
at java.io.FileInputStream.open0(Native Method)
at java.io.FileInputStream.open(Unknown Source)
at java.io.FileInputStream.<init>(Unknown Source)
at java.io.FileInputStream.<init>(Unknown Source)
at org.dev.jklabour.commonLibS.FileUtiles.getpropertyData(FileUtiles.java:21)
at org.dev.jklabour.commonLibS.BaseClass1.configBM(BaseClass1.java:40)
... Removed 27 stack frames]]>
    </failure>
  </testcase> <!-- @BeforeMethod configBM -->
  <testcase name="@AfterMethod configAM" time="0.0" classname="org.dev.jklabour.commonLibS.BaseClass1">
    <skipped/>
  </testcase> <!-- @AfterMethod configAM -->
  <testcase name="@BeforeMethod configBM" time="0.0" classname="org.dev.jklabour.commonLibS.BaseClass1">
    <failure type="java.io.FileNotFoundException" message=".\propertyFiles\common.properties (The system cannot find the path specified)">
      <![CDATA[java.io.FileNotFoundException: .\propertyFiles\common.properties (The system cannot find the path specified)
at java.io.FileInputStream.open0(Native Method)
at java.io.FileInputStream.open(Unknown Source)
at java.io.FileInputStream.<init>(Unknown Source)
at java.io.FileInputStream.<init>(Unknown Source)
at org.dev.jklabour.commonLibS.FileUtiles.getpropertyData(FileUtiles.java:21)
at org.dev.jklabour.commonLibS.BaseClass1.configBM(BaseClass1.java:40)
... Removed 27 stack frames]]>
    </failure>
  </testcase> <!-- @BeforeMethod configBM -->
  <testcase name="@AfterMethod configAM" time="0.0" classname="org.dev.jklabour.commonLibS.BaseClass1">
    <skipped/>
  </testcase> <!-- @AfterMethod configAM -->
  <testcase name="@BeforeMethod configBM" time="0.0" classname="org.dev.jklabour.commonLibS.BaseClass1">
    <failure type="java.io.FileNotFoundException" message=".\propertyFiles\common.properties (The system cannot find the path specified)">
      <![CDATA[java.io.FileNotFoundException: .\propertyFiles\common.properties (The system cannot find the path specified)
at java.io.FileInputStream.open0(Native Method)
at java.io.FileInputStream.open(Unknown Source)
at java.io.FileInputStream.<init>(Unknown Source)
at java.io.FileInputStream.<init>(Unknown Source)
at org.dev.jklabour.commonLibS.FileUtiles.getpropertyData(FileUtiles.java:21)
at org.dev.jklabour.commonLibS.BaseClass1.configBM(BaseClass1.java:40)
... Removed 27 stack frames]]>
    </failure>
  </testcase> <!-- @BeforeMethod configBM -->
  <testcase name="@AfterMethod configAM" time="0.0" classname="org.dev.jklabour.commonLibS.BaseClass1">
    <skipped/>
  </testcase> <!-- @AfterMethod configAM -->
  <testcase name="@BeforeMethod configBM" time="0.0" classname="org.dev.jklabour.commonLibS.BaseClass1">
    <failure type="java.io.FileNotFoundException" message=".\propertyFiles\common.properties (The system cannot find the path specified)">
      <![CDATA[java.io.FileNotFoundException: .\propertyFiles\common.properties (The system cannot find the path specified)
at java.io.FileInputStream.open0(Native Method)
at java.io.FileInputStream.open(Unknown Source)
at java.io.FileInputStream.<init>(Unknown Source)
at java.io.FileInputStream.<init>(Unknown Source)
at org.dev.jklabour.commonLibS.FileUtiles.getpropertyData(FileUtiles.java:21)
at org.dev.jklabour.commonLibS.BaseClass1.configBM(BaseClass1.java:40)
... Removed 27 stack frames]]>
    </failure>
  </testcase> <!-- @BeforeMethod configBM -->
  <testcase name="@AfterMethod configAM" time="0.0" classname="org.dev.jklabour.commonLibS.BaseClass1">
    <skipped/>
  </testcase> <!-- @AfterMethod configAM -->
  <testcase name="@BeforeMethod configBM" time="0.0" classname="org.dev.jklabour.commonLibS.BaseClass1">
    <failure type="java.io.FileNotFoundException" message=".\propertyFiles\common.properties (The system cannot find the path specified)">
      <![CDATA[java.io.FileNotFoundException: .\propertyFiles\common.properties (The system cannot find the path specified)
at java.io.FileInputStream.open0(Native Method)
at java.io.FileInputStream.open(Unknown Source)
at java.io.FileInputStream.<init>(Unknown Source)
at java.io.FileInputStream.<init>(Unknown Source)
at org.dev.jklabour.commonLibS.FileUtiles.getpropertyData(FileUtiles.java:21)
at org.dev.jklabour.commonLibS.BaseClass1.configBM(BaseClass1.java:40)
... Removed 27 stack frames]]>
    </failure>
  </testcase> <!-- @BeforeMethod configBM -->
  <testcase name="@AfterMethod configAM" time="0.0" classname="org.dev.jklabour.commonLibS.BaseClass1">
    <skipped/>
  </testcase> <!-- @AfterMethod configAM -->
  <testcase name="@BeforeMethod configBM" time="0.0" classname="org.dev.jklabour.commonLibS.BaseClass1">
    <failure type="java.io.FileNotFoundException" message=".\propertyFiles\common.properties (The system cannot find the path specified)">
      <![CDATA[java.io.FileNotFoundException: .\propertyFiles\common.properties (The system cannot find the path specified)
at java.io.FileInputStream.open0(Native Method)
at java.io.FileInputStream.open(Unknown Source)
at java.io.FileInputStream.<init>(Unknown Source)
at java.io.FileInputStream.<init>(Unknown Source)
at org.dev.jklabour.commonLibS.FileUtiles.getpropertyData(FileUtiles.java:21)
at org.dev.jklabour.commonLibS.BaseClass1.configBM(BaseClass1.java:40)
... Removed 27 stack frames]]>
    </failure>
  </testcase> <!-- @BeforeMethod configBM -->
  <testcase name="@AfterMethod configAM" time="0.0" classname="org.dev.jklabour.commonLibS.BaseClass1">
    <skipped/>
  </testcase> <!-- @AfterMethod configAM -->
  <testcase name="@BeforeMethod configBM" time="0.0" classname="org.dev.jklabour.commonLibS.BaseClass1">
    <failure type="java.io.FileNotFoundException" message=".\propertyFiles\common.properties (The system cannot find the path specified)">
      <![CDATA[java.io.FileNotFoundException: .\propertyFiles\common.properties (The system cannot find the path specified)
at java.io.FileInputStream.open0(Native Method)
at java.io.FileInputStream.open(Unknown Source)
at java.io.FileInputStream.<init>(Unknown Source)
at java.io.FileInputStream.<init>(Unknown Source)
at org.dev.jklabour.commonLibS.FileUtiles.getpropertyData(FileUtiles.java:21)
at org.dev.jklabour.commonLibS.BaseClass1.configBM(BaseClass1.java:40)
... Removed 27 stack frames]]>
    </failure>
  </testcase> <!-- @BeforeMethod configBM -->
  <testcase name="@AfterMethod configAM" time="0.0" classname="org.dev.jklabour.commonLibS.BaseClass1">
    <skipped/>
  </testcase> <!-- @AfterMethod configAM -->
  <testcase name="@BeforeMethod configBM" time="0.0" classname="org.dev.jklabour.commonLibS.BaseClass1">
    <failure type="java.io.FileNotFoundException" message=".\propertyFiles\common.properties (The system cannot find the path specified)">
      <![CDATA[java.io.FileNotFoundException: .\propertyFiles\common.properties (The system cannot find the path specified)
at java.io.FileInputStream.open0(Native Method)
at java.io.FileInputStream.open(Unknown Source)
at java.io.FileInputStream.<init>(Unknown Source)
at java.io.FileInputStream.<init>(Unknown Source)
at org.dev.jklabour.commonLibS.FileUtiles.getpropertyData(FileUtiles.java:21)
at org.dev.jklabour.commonLibS.BaseClass1.configBM(BaseClass1.java:40)
... Removed 27 stack frames]]>
    </failure>
  </testcase> <!-- @BeforeMethod configBM -->
  <testcase name="@AfterMethod configAM" time="0.0" classname="org.dev.jklabour.commonLibS.BaseClass1">
    <skipped/>
  </testcase> <!-- @AfterMethod configAM -->
  <testcase name="@BeforeMethod configBM" time="0.0" classname="org.dev.jklabour.commonLibS.BaseClass1">
    <failure type="java.io.FileNotFoundException" message=".\propertyFiles\common.properties (The system cannot find the path specified)">
      <![CDATA[java.io.FileNotFoundException: .\propertyFiles\common.properties (The system cannot find the path specified)
at java.io.FileInputStream.open0(Native Method)
at java.io.FileInputStream.open(Unknown Source)
at java.io.FileInputStream.<init>(Unknown Source)
at java.io.FileInputStream.<init>(Unknown Source)
at org.dev.jklabour.commonLibS.FileUtiles.getpropertyData(FileUtiles.java:21)
at org.dev.jklabour.commonLibS.BaseClass1.configBM(BaseClass1.java:40)
... Removed 27 stack frames]]>
    </failure>
  </testcase> <!-- @BeforeMethod configBM -->
  <testcase name="@AfterMethod configAM" time="0.0" classname="org.dev.jklabour.commonLibS.BaseClass1">
    <skipped/>
  </testcase> <!-- @AfterMethod configAM -->
  <testcase name="@BeforeMethod configBM" time="0.0" classname="org.dev.jklabour.commonLibS.BaseClass1">
    <failure type="java.io.FileNotFoundException" message=".\propertyFiles\common.properties (The system cannot find the path specified)">
      <![CDATA[java.io.FileNotFoundException: .\propertyFiles\common.properties (The system cannot find the path specified)
at java.io.FileInputStream.open0(Native Method)
at java.io.FileInputStream.open(Unknown Source)
at java.io.FileInputStream.<init>(Unknown Source)
at java.io.FileInputStream.<init>(Unknown Source)
at org.dev.jklabour.commonLibS.FileUtiles.getpropertyData(FileUtiles.java:21)
at org.dev.jklabour.commonLibS.BaseClass1.configBM(BaseClass1.java:40)
... Removed 27 stack frames]]>
    </failure>
  </testcase> <!-- @BeforeMethod configBM -->
  <testcase name="@AfterMethod configAM" time="0.0" classname="org.dev.jklabour.commonLibS.BaseClass1">
    <skipped/>
  </testcase> <!-- @AfterMethod configAM -->
  <testcase name="facoryLengthTest" time="0.0" classname="org.dev.jklabourF.FactroryRenewFLengthTest">
    <skipped/>
  </testcase> <!-- facoryLengthTest -->
  <testcase name="MigrantRegistrationTest" time="0.0" classname="org.dev.jklabourF.Test1MRenew">
    <skipped/>
  </testcase> <!-- MigrantRegistrationTest -->
  <testcase name="facoryLengthTest" time="0.0" classname="org.dev.jklabourF.FactroryRegFLengthTest">
    <skipped/>
  </testcase> <!-- facoryLengthTest -->
  <testcase name="facoryLengthTest" time="0.0" classname="org.dev.jklabourF.MigrantWorkerFLengthTest">
    <skipped/>
  </testcase> <!-- facoryLengthTest -->
  <testcase name="BWorkerTest" time="0.0" classname="org.dev.jklabourF.FLengthBuildingWorkerTest">
    <skipped/>
  </testcase> <!-- BWorkerTest -->
  <testcase name="editRevert" time="0.0" classname="org.dev.jklabourF.Test1FRevert">
    <skipped/>
  </testcase> <!-- editRevert -->
  <testcase name="boilerRegistrationTest" time="0.0" classname="org.dev.jklabourF.Test2BRenewal">
    <skipped/>
  </testcase> <!-- boilerRegistrationTest -->
  <testcase name="BoilerRegLengthTest" time="0.0" classname="org.dev.jklabourF.FLengthBoilerRegTest">
    <skipped/>
  </testcase> <!-- BoilerRegLengthTest -->
  <testcase name="MigrantRegistrationTest" time="0.0" classname="org.dev.jklabourF.Test2MRenew">
    <skipped/>
  </testcase> <!-- MigrantRegistrationTest -->
  <testcase name="BoilerRenewTest" time="0.0" classname="org.dev.jklabourF.FLengthBoilerRenewTest">
    <skipped/>
  </testcase> <!-- BoilerRenewTest -->
  <testcase name="createShopRegistrationFormTest" time="0.0" classname="org.dev.jklabourF.Test2SRenew">
    <skipped/>
  </testcase> <!-- createShopRegistrationFormTest -->
  <testcase name="facoryLengthTest" time="0.0" classname="org.dev.jklabourF.FactoryBuildingFLengthTest">
    <skipped/>
  </testcase> <!-- facoryLengthTest -->
  <testcase name="facoryLengthTest" time="0.0" classname="org.dev.jklabourF.FLengthContLabourTest">
    <skipped/>
  </testcase> <!-- facoryLengthTest -->
  <testcase name="createFactoryRTest" time="0.0" classname="org.dev.jklabourF.Test2FRenew">
    <skipped/>
  </testcase> <!-- createFactoryRTest -->
  <testcase name="facoryLengthTest" time="0.0" classname="org.dev.jklabourF.FLengthFactroryRenewTest">
    <skipped/>
  </testcase> <!-- facoryLengthTest -->
  <testcase name="MigrantRegistrationTest" time="0.0" classname="org.dev.jklabourF.MigrantFLengthTest">
    <skipped/>
  </testcase> <!-- MigrantRegistrationTest -->
  <testcase name="ContractorRenewaltest" time="0.0" classname="org.dev.jklabourF.Test2CRenew">
    <skipped/>
  </testcase> <!-- ContractorRenewaltest -->
  <testcase name="editRevert" time="0.0" classname="org.dev.jklabourF.TS1">
    <skipped/>
  </testcase> <!-- editRevert -->
  <testcase name="contractorFLengthTest" time="0.0" classname="org.dev.jklabourF.FLengthContractorTest">
    <skipped/>
  </testcase> <!-- contractorFLengthTest -->
  <testcase name="shopRegFLengthTest" time="0.0" classname="org.dev.jklabourF.ShopFLengthTest">
    <skipped/>
  </testcase> <!-- shopRegFLengthTest -->
  <testcase name="MigrantRenewTest" time="0.0" classname="org.dev.jklabourF.MigrantRenewFLengthTest">
    <skipped/>
  </testcase> <!-- MigrantRenewTest -->
  <testcase name="facoryLengthTest" time="0.0" classname="org.dev.jklabourF.FLengthMigrantWorkerTest">
    <skipped/>
  </testcase> <!-- facoryLengthTest -->
  <testcase name="shopRegFLengthTest" time="0.0" classname="org.dev.jklabourF.FLengthShopTest">
    <skipped/>
  </testcase> <!-- shopRegFLengthTest -->
  <testcase name="editRevert" time="0.0" classname="org.dev.jklabourF.TS4">
    <skipped/>
  </testcase> <!-- editRevert -->
  <testcase name="facoryLengthTest" time="0.0" classname="org.dev.jklabourF.FLengthFactroryRegTest">
    <skipped/>
  </testcase> <!-- facoryLengthTest -->
  <testcase name="MigrantRenewTest" time="0.0" classname="org.dev.jklabourF.FLengthMigrantRenewTest">
    <skipped/>
  </testcase> <!-- MigrantRenewTest -->
  <testcase name="shopRenewFLengthTest" time="0.0" classname="org.dev.jklabourF.ShopRenewFLengthTest">
    <skipped/>
  </testcase> <!-- shopRenewFLengthTest -->
  <testcase name="contractorFLengthTest" time="0.0" classname="org.dev.jklabourF.FLengthContRenewFLengthTest">
    <skipped/>
  </testcase> <!-- contractorFLengthTest -->
  <testcase name="MigrantRegistrationTest" time="0.0" classname="org.dev.jklabourF.FLengthMigrantTest">
    <skipped/>
  </testcase> <!-- MigrantRegistrationTest -->
  <testcase name="shopRenewFLengthTest" time="0.0" classname="org.dev.jklabourF.FLengthShopRenewTest">
    <skipped/>
  </testcase> <!-- shopRenewFLengthTest -->
  <testcase name="facoryLengthTest" time="0.0" classname="org.dev.jklabourF.FLengthFactoryBuildingTest">
    <skipped/>
  </testcase> <!-- facoryLengthTest -->
  <testcase name="CreateFormDTest" time="0.0" classname="org.dev.jklabourF.FLengthFormDTest">
    <skipped/>
  </testcase> <!-- CreateFormDTest -->
  <testcase name="CreateFormDTest" time="0.0" classname="org.dev.jklabourF.FormDFLengthTest">
    <skipped/>
  </testcase> <!-- CreateFormDTest -->
</testsuite> <!-- Test -->
